  Crack.cpp
D:\Programming\Assembler\Linux x64\Crack\Crack\Crack\Crack.cpp(17,9): warning C4838:  conversion from 'int' to 'char' requires a narrowing conversion
D:\Programming\Assembler\Linux x64\Crack\Crack\Crack\Crack.cpp(17,9): warning C4309:  'initializing': truncation of constant value
D:\Programming\Assembler\Linux x64\Crack\Crack\Crack\Crack.cpp(56,2): warning C4018:  '<=': signed/unsigned mismatch
D:\Programming\Assembler\Linux x64\Crack\Crack\Crack\Crack.cpp(126,1): warning C4566:  character represented by universal-character-name '\u250C' cannot be represented in the current code page (1251)
D:\Programming\Assembler\Linux x64\Crack\Crack\Crack\Crack.cpp(126,1): warning C4566:  character represented by universal-character-name '\u2500' cannot be represented in the current code page (1251)
D:\Programming\Assembler\Linux x64\Crack\Crack\Crack\Crack.cpp(126,1): warning C4566:  character represented by universal-character-name '\u2510' cannot be represented in the current code page (1251)
D:\Programming\Assembler\Linux x64\Crack\Crack\Crack\Crack.cpp(127,1): warning C4566:  character represented by universal-character-name '\u2502' cannot be represented in the current code page (1251)
D:\Programming\Assembler\Linux x64\Crack\Crack\Crack\Crack.cpp(127,1): warning C4566:  character represented by universal-character-name '\u2588' cannot be represented in the current code page (1251)
D:\Programming\Assembler\Linux x64\Crack\Crack\Crack\Crack.cpp(127,1): warning C4566:  character represented by universal-character-name '\u2557' cannot be represented in the current code page (1251)
D:\Programming\Assembler\Linux x64\Crack\Crack\Crack\Crack.cpp(128,1): warning C4566:  character represented by universal-character-name '\u2502' cannot be represented in the current code page (1251)
D:\Programming\Assembler\Linux x64\Crack\Crack\Crack\Crack.cpp(128,1): warning C4566:  character represented by universal-character-name '\u2588' cannot be represented in the current code page (1251)
D:\Programming\Assembler\Linux x64\Crack\Crack\Crack\Crack.cpp(128,1): warning C4566:  character represented by universal-character-name '\u2557' cannot be represented in the current code page (1251)
D:\Programming\Assembler\Linux x64\Crack\Crack\Crack\Crack.cpp(128,1): warning C4566:  character represented by universal-character-name '\u2551' cannot be represented in the current code page (1251)
D:\Programming\Assembler\Linux x64\Crack\Crack\Crack\Crack.cpp(128,1): warning C4566:  character represented by universal-character-name '\u2554' cannot be represented in the current code page (1251)
D:\Programming\Assembler\Linux x64\Crack\Crack\Crack\Crack.cpp(128,1): warning C4566:  character represented by universal-character-name '\u2550' cannot be represented in the current code page (1251)
D:\Programming\Assembler\Linux x64\Crack\Crack\Crack\Crack.cpp(128,1): warning C4566:  character represented by universal-character-name '\u255D' cannot be represented in the current code page (1251)
D:\Programming\Assembler\Linux x64\Crack\Crack\Crack\Crack.cpp(129,1): warning C4566:  character represented by universal-character-name '\u2502' cannot be represented in the current code page (1251)
D:\Programming\Assembler\Linux x64\Crack\Crack\Crack\Crack.cpp(129,1): warning C4566:  character represented by universal-character-name '\u2588' cannot be represented in the current code page (1251)
D:\Programming\Assembler\Linux x64\Crack\Crack\Crack\Crack.cpp(129,1): warning C4566:  character represented by universal-character-name '\u2554' cannot be represented in the current code page (1251)
D:\Programming\Assembler\Linux x64\Crack\Crack\Crack\Crack.cpp(129,1): warning C4566:  character represented by universal-character-name '\u2551' cannot be represented in the current code page (1251)
D:\Programming\Assembler\Linux x64\Crack\Crack\Crack\Crack.cpp(129,1): warning C4566:  character represented by universal-character-name '\u255D' cannot be represented in the current code page (1251)
D:\Programming\Assembler\Linux x64\Crack\Crack\Crack\Crack.cpp(130,1): warning C4566:  character represented by universal-character-name '\u2502' cannot be represented in the current code page (1251)
D:\Programming\Assembler\Linux x64\Crack\Crack\Crack\Crack.cpp(130,1): warning C4566:  character represented by universal-character-name '\u2588' cannot be represented in the current code page (1251)
D:\Programming\Assembler\Linux x64\Crack\Crack\Crack\Crack.cpp(130,1): warning C4566:  character represented by universal-character-name '\u2551' cannot be represented in the current code page (1251)
D:\Programming\Assembler\Linux x64\Crack\Crack\Crack\Crack.cpp(130,1): warning C4566:  character represented by universal-character-name '\u255A' cannot be represented in the current code page (1251)
D:\Programming\Assembler\Linux x64\Crack\Crack\Crack\Crack.cpp(130,1): warning C4566:  character represented by universal-character-name '\u2554' cannot be represented in the current code page (1251)
D:\Programming\Assembler\Linux x64\Crack\Crack\Crack\Crack.cpp(130,1): warning C4566:  character represented by universal-character-name '\u255D' cannot be represented in the current code page (1251)
D:\Programming\Assembler\Linux x64\Crack\Crack\Crack\Crack.cpp(130,1): warning C4566:  character represented by universal-character-name '\u2550' cannot be represented in the current code page (1251)
D:\Programming\Assembler\Linux x64\Crack\Crack\Crack\Crack.cpp(130,1): warning C4566:  character represented by universal-character-name '\u2557' cannot be represented in the current code page (1251)
D:\Programming\Assembler\Linux x64\Crack\Crack\Crack\Crack.cpp(131,1): warning C4566:  character represented by universal-character-name '\u2502' cannot be represented in the current code page (1251)
D:\Programming\Assembler\Linux x64\Crack\Crack\Crack\Crack.cpp(131,1): warning C4566:  character represented by universal-character-name '\u2588' cannot be represented in the current code page (1251)
D:\Programming\Assembler\Linux x64\Crack\Crack\Crack\Crack.cpp(131,1): warning C4566:  character represented by universal-character-name '\u2551' cannot be represented in the current code page (1251)
D:\Programming\Assembler\Linux x64\Crack\Crack\Crack\Crack.cpp(131,1): warning C4566:  character represented by universal-character-name '\u255A' cannot be represented in the current code page (1251)
D:\Programming\Assembler\Linux x64\Crack\Crack\Crack\Crack.cpp(131,1): warning C4566:  character represented by universal-character-name '\u2550' cannot be represented in the current code page (1251)
D:\Programming\Assembler\Linux x64\Crack\Crack\Crack\Crack.cpp(131,1): warning C4566:  character represented by universal-character-name '\u255D' cannot be represented in the current code page (1251)
D:\Programming\Assembler\Linux x64\Crack\Crack\Crack\Crack.cpp(131,1): warning C4566:  character represented by universal-character-name '\u2554' cannot be represented in the current code page (1251)
D:\Programming\Assembler\Linux x64\Crack\Crack\Crack\Crack.cpp(131,1): warning C4566:  character represented by universal-character-name '\u2557' cannot be represented in the current code page (1251)
D:\Programming\Assembler\Linux x64\Crack\Crack\Crack\Crack.cpp(132,1): warning C4566:  character represented by universal-character-name '\u2502' cannot be represented in the current code page (1251)
D:\Programming\Assembler\Linux x64\Crack\Crack\Crack\Crack.cpp(132,1): warning C4566:  character represented by universal-character-name '\u255A' cannot be represented in the current code page (1251)
D:\Programming\Assembler\Linux x64\Crack\Crack\Crack\Crack.cpp(132,1): warning C4566:  character represented by universal-character-name '\u2550' cannot be represented in the current code page (1251)
D:\Programming\Assembler\Linux x64\Crack\Crack\Crack\Crack.cpp(132,1): warning C4566:  character represented by universal-character-name '\u255D' cannot be represented in the current code page (1251)
D:\Programming\Assembler\Linux x64\Crack\Crack\Crack\Crack.cpp(133,1): warning C4566:  character represented by universal-character-name '\u2514' cannot be represented in the current code page (1251)
D:\Programming\Assembler\Linux x64\Crack\Crack\Crack\Crack.cpp(133,1): warning C4566:  character represented by universal-character-name '\u2500' cannot be represented in the current code page (1251)
D:\Programming\Assembler\Linux x64\Crack\Crack\Crack\Crack.cpp(133,1): warning C4566:  character represented by universal-character-name '\u2518' cannot be represented in the current code page (1251)
  Crack.vcxproj -> D:\Programming\Assembler\Linux x64\Crack\Crack\Debug\Crack.exe
